-Xajruntimetarget:1.5
-Xlint:ignore
-1.8
-encoding
UTF-8
-showWeaveInfo
-source
1.8
-target
1.8
-verbose
-classpath
/Users/curtisslone/.m2/repository/org/aspectj/aspectjrt/1.9.7/aspectjrt-1.9.7.jar:/Users/curtisslone/.m2/repository/org/aspectj/aspectjweaver/1.9.7/aspectjweaver-1.9.7.jar:/Users/curtisslone/Desktop/softeng/java/addressbook/target/classes
-d
/Users/curtisslone/Desktop/softeng/java/addressbook/target/classes
-s
/Users/curtisslone/Desktop/softeng/java/addressbook/target/generated-sources/aspectj-maven-plugin
/Users/curtisslone/Desktop/softeng/java/addressbook/src/main/java/com/aop/Contact.java
/Users/curtisslone/Desktop/softeng/java/addressbook/src/main/java/com/aop/Rolodex.java
/Users/curtisslone/Desktop/softeng/java/addressbook/src/main/java/com/aop/Main.java
/Users/curtisslone/Desktop/softeng/java/addressbook/src/main/java/com/aop/ContactModificationAspect.java
/Users/curtisslone/Desktop/softeng/java/addressbook/src/main/java/com/aop/MenuCommand.java
